<?xml version="1.0" encoding="UTF-8"?>
<testng-results skipped="0" failed="0" ignored="0" total="1" passed="1">
  <reporter-output>
  </reporter-output>
  <suite name="Test.RunTest" duration-ms="7136" started-at="2020-08-30T03:52:03Z" finished-at="2020-08-30T03:52:10Z">
    <groups>
    </groups>
    <test name="Command line test" duration-ms="7136" started-at="2020-08-30T03:52:03Z" finished-at="2020-08-30T03:52:10Z">
      <class name="Test.RunTest">
        <test-method status="PASS" signature="browser()[pri:0, instance:Test.RunTest@180bc464]" name="browser" duration-ms="7105" started-at="2020-08-30T03:52:03Z" finished-at="2020-08-30T03:52:10Z">
          <reporter-output>
          </reporter-output>
        </test-method> <!-- browser -->
      </class> <!-- Test.RunTest -->
    </test> <!-- Command line test -->
  </suite> <!-- Test.RunTest -->
</testng-results>
