<?xml version="1.0" encoding="UTF-8"?>
<testng-results skipped="0" failed="0" ignored="0" total="1" passed="1">
  <reporter-output>
  </reporter-output>
  <suite name="Default suite" duration-ms="7583" started-at="2020-08-31T20:43:37 CDT" finished-at="2020-08-31T20:43:45 CDT">
    <groups>
    </groups>
    <test name="Default test" duration-ms="7583" started-at="2020-08-31T20:43:37 CDT" finished-at="2020-08-31T20:43:45 CDT">
      <class name="Test.RunTest">
        <test-method status="PASS" signature="browser()[pri:0, instance:Test.RunTest@76b10754]" name="browser" duration-ms="7550" started-at="2020-08-31T20:43:37 CDT" finished-at="2020-08-31T20:43:45 CDT">
          <reporter-output>
          </reporter-output>
        </test-method> <!-- browser -->
      </class> <!-- Test.RunTest -->
    </test> <!-- Default test -->
  </suite> <!-- Default suite -->
</testng-results>
